::1 - - [05/Aug/2016:08:51:13 +0000] "GET / HTTP/1.1" 304 - "http://localhost:3002/login" "Mozilla/5.0 (Macintosh; Intel Mac OS X 10_11_4) AppleWebKit/537.36 (KHTML, like Gecko) Chrome/51.0.2704.103 Safari/537.36"
::1 - - [05/Aug/2016:08:51:13 +0000] "GET /stylesheets/style.css HTTP/1.1" 304 - "http://localhost:3002/" "Mozilla/5.0 (Macintosh; Intel Mac OS X 10_11_4) AppleWebKit/537.36 (KHTML, like Gecko) Chrome/51.0.2704.103 Safari/537.36"
::1 - - [05/Aug/2016:08:51:15 +0000] "GET /loginout HTTP/1.1" 302 46 "http://localhost:3002/" "Mozilla/5.0 (Macintosh; Intel Mac OS X 10_11_4) AppleWebKit/537.36 (KHTML, like Gecko) Chrome/51.0.2704.103 Safari/537.36"
::1 - - [05/Aug/2016:08:51:15 +0000] "GET / HTTP/1.1" 302 56 "http://localhost:3002/" "Mozilla/5.0 (Macintosh; Intel Mac OS X 10_11_4) AppleWebKit/537.36 (KHTML, like Gecko) Chrome/51.0.2704.103 Safari/537.36"
::1 - - [05/Aug/2016:08:51:15 +0000] "GET /login HTTP/1.1" 200 388 "http://localhost:3002/" "Mozilla/5.0 (Macintosh; Intel Mac OS X 10_11_4) AppleWebKit/537.36 (KHTML, like Gecko) Chrome/51.0.2704.103 Safari/537.36"
::1 - - [05/Aug/2016:08:51:15 +0000] "GET /stylesheets/style.css HTTP/1.1" 304 - "http://localhost:3002/login" "Mozilla/5.0 (Macintosh; Intel Mac OS X 10_11_4) AppleWebKit/537.36 (KHTML, like Gecko) Chrome/51.0.2704.103 Safari/537.36"
::1 - - [05/Aug/2016:08:51:25 +0000] "POST /login HTTP/1.1" 302 46 "http://localhost:3002/login" "Mozilla/5.0 (Macintosh; Intel Mac OS X 10_11_4) AppleWebKit/537.36 (KHTML, like Gecko) Chrome/51.0.2704.103 Safari/537.36"
::1 - - [05/Aug/2016:08:51:25 +0000] "GET / HTTP/1.1" 200 304 "http://localhost:3002/login" "Mozilla/5.0 (Macintosh; Intel Mac OS X 10_11_4) AppleWebKit/537.36 (KHTML, like Gecko) Chrome/51.0.2704.103 Safari/537.36"
::1 - - [05/Aug/2016:08:51:25 +0000] "GET /stylesheets/style.css HTTP/1.1" 304 - "http://localhost:3002/" "Mozilla/5.0 (Macintosh; Intel Mac OS X 10_11_4) AppleWebKit/537.36 (KHTML, like Gecko) Chrome/51.0.2704.103 Safari/537.36"
::1 - - [05/Aug/2016:08:51:28 +0000] "GET / HTTP/1.1" 304 - "http://localhost:3002/login" "Mozilla/5.0 (Macintosh; Intel Mac OS X 10_11_4) AppleWebKit/537.36 (KHTML, like Gecko) Chrome/51.0.2704.103 Safari/537.36"
::1 - - [05/Aug/2016:08:51:28 +0000] "GET /stylesheets/style.css HTTP/1.1" 304 - "http://localhost:3002/" "Mozilla/5.0 (Macintosh; Intel Mac OS X 10_11_4) AppleWebKit/537.36 (KHTML, like Gecko) Chrome/51.0.2704.103 Safari/537.36"
::1 - - [05/Aug/2016:08:53:00 +0000] "GET / HTTP/1.1" 302 56 "-" "Mozilla/5.0 (Macintosh; Intel Mac OS X 10.11; rv:47.0) Gecko/20100101 Firefox/47.0"
::1 - - [05/Aug/2016:08:53:00 +0000] "GET /login HTTP/1.1" 200 388 "-" "Mozilla/5.0 (Macintosh; Intel Mac OS X 10.11; rv:47.0) Gecko/20100101 Firefox/47.0"
::1 - - [05/Aug/2016:08:53:00 +0000] "GET /stylesheets/style.css HTTP/1.1" 200 168 "http://localhost:3002/login" "Mozilla/5.0 (Macintosh; Intel Mac OS X 10.11; rv:47.0) Gecko/20100101 Firefox/47.0"
::1 - - [05/Aug/2016:08:53:10 +0000] "POST /login HTTP/1.1" 302 46 "http://localhost:3002/login" "Mozilla/5.0 (Macintosh; Intel Mac OS X 10.11; rv:47.0) Gecko/20100101 Firefox/47.0"
::1 - - [05/Aug/2016:08:53:11 +0000] "GET / HTTP/1.1" 200 305 "http://localhost:3002/login" "Mozilla/5.0 (Macintosh; Intel Mac OS X 10.11; rv:47.0) Gecko/20100101 Firefox/47.0"
::1 - - [05/Aug/2016:08:53:11 +0000] "GET /stylesheets/style.css HTTP/1.1" 304 - "http://localhost:3002/" "Mozilla/5.0 (Macintosh; Intel Mac OS X 10.11; rv:47.0) Gecko/20100101 Firefox/47.0"
::1 - - [05/Aug/2016:08:53:12 +0000] "GET / HTTP/1.1" 304 - "http://localhost:3002/login" "Mozilla/5.0 (Macintosh; Intel Mac OS X 10.11; rv:47.0) Gecko/20100101 Firefox/47.0"
::1 - - [05/Aug/2016:08:53:12 +0000] "GET /stylesheets/style.css HTTP/1.1" 304 - "http://localhost:3002/" "Mozilla/5.0 (Macintosh; Intel Mac OS X 10.11; rv:47.0) Gecko/20100101 Firefox/47.0"
::1 - - [05/Aug/2016:08:54:24 +0000] "GET /?id=345 HTTP/1.1" 302 56 "-" "Mozilla/5.0 (Macintosh; Intel Mac OS X 10_11_4) AppleWebKit/537.36 (KHTML, like Gecko) Chrome/51.0.2704.103 Safari/537.36"
::1 - - [05/Aug/2016:08:54:24 +0000] "GET /login HTTP/1.1" 200 388 "-" "Mozilla/5.0 (Macintosh; Intel Mac OS X 10_11_4) AppleWebKit/537.36 (KHTML, like Gecko) Chrome/51.0.2704.103 Safari/537.36"
::1 - - [05/Aug/2016:08:54:24 +0000] "GET /stylesheets/style.css HTTP/1.1" 304 - "http://localhost:3002/login" "Mozilla/5.0 (Macintosh; Intel Mac OS X 10_11_4) AppleWebKit/537.36 (KHTML, like Gecko) Chrome/51.0.2704.103 Safari/537.36"
