::1 - - [05/Aug/2016:12:49:37 +0000] "GET / HTTP/1.1" 302 56 "http://localhost:3002/login" "Mozilla/5.0 (Macintosh; Intel Mac OS X 10_11_4) AppleWebKit/537.36 (KHTML, like Gecko) Chrome/51.0.2704.103 Safari/537.36"
::1 - - [05/Aug/2016:12:49:37 +0000] "GET /login HTTP/1.1" 200 388 "http://localhost:3002/login" "Mozilla/5.0 (Macintosh; Intel Mac OS X 10_11_4) AppleWebKit/537.36 (KHTML, like Gecko) Chrome/51.0.2704.103 Safari/537.36"
::1 - - [05/Aug/2016:12:49:37 +0000] "GET /stylesheets/style.css HTTP/1.1" 200 168 "http://localhost:3002/login" "Mozilla/5.0 (Macintosh; Intel Mac OS X 10_11_4) AppleWebKit/537.36 (KHTML, like Gecko) Chrome/51.0.2704.103 Safari/537.36"
::1 - - [05/Aug/2016:12:49:43 +0000] "POST /login HTTP/1.1" 302 46 "http://localhost:3002/login" "Mozilla/5.0 (Macintosh; Intel Mac OS X 10_11_4) AppleWebKit/537.36 (KHTML, like Gecko) Chrome/51.0.2704.103 Safari/537.36"
::1 - - [05/Aug/2016:12:49:43 +0000] "GET / HTTP/1.1" 200 305 "http://localhost:3002/login" "Mozilla/5.0 (Macintosh; Intel Mac OS X 10_11_4) AppleWebKit/537.36 (KHTML, like Gecko) Chrome/51.0.2704.103 Safari/537.36"
::1 - - [05/Aug/2016:12:49:43 +0000] "GET /stylesheets/style.css HTTP/1.1" 200 168 "http://localhost:3002/" "Mozilla/5.0 (Macintosh; Intel Mac OS X 10_11_4) AppleWebKit/537.36 (KHTML, like Gecko) Chrome/51.0.2704.103 Safari/537.36"
::1 - - [05/Aug/2016:12:49:45 +0000] "GET /loginout HTTP/1.1" 302 46 "http://localhost:3002/" "Mozilla/5.0 (Macintosh; Intel Mac OS X 10_11_4) AppleWebKit/537.36 (KHTML, like Gecko) Chrome/51.0.2704.103 Safari/537.36"
::1 - - [05/Aug/2016:12:49:45 +0000] "GET / HTTP/1.1" 302 56 "http://localhost:3002/" "Mozilla/5.0 (Macintosh; Intel Mac OS X 10_11_4) AppleWebKit/537.36 (KHTML, like Gecko) Chrome/51.0.2704.103 Safari/537.36"
::1 - - [05/Aug/2016:12:49:45 +0000] "GET /login HTTP/1.1" 200 388 "http://localhost:3002/" "Mozilla/5.0 (Macintosh; Intel Mac OS X 10_11_4) AppleWebKit/537.36 (KHTML, like Gecko) Chrome/51.0.2704.103 Safari/537.36"
::1 - - [05/Aug/2016:12:49:45 +0000] "GET /stylesheets/style.css HTTP/1.1" 200 168 "http://localhost:3002/login" "Mozilla/5.0 (Macintosh; Intel Mac OS X 10_11_4) AppleWebKit/537.36 (KHTML, like Gecko) Chrome/51.0.2704.103 Safari/537.36"
::1 - - [05/Aug/2016:12:49:47 +0000] "GET /login HTTP/1.1" 200 388 "http://localhost:3002/" "Mozilla/5.0 (Macintosh; Intel Mac OS X 10_11_4) AppleWebKit/537.36 (KHTML, like Gecko) Chrome/51.0.2704.103 Safari/537.36"
::1 - - [05/Aug/2016:12:49:47 +0000] "GET /stylesheets/style.css HTTP/1.1" 200 168 "http://localhost:3002/login" "Mozilla/5.0 (Macintosh; Intel Mac OS X 10_11_4) AppleWebKit/537.36 (KHTML, like Gecko) Chrome/51.0.2704.103 Safari/537.36"
::1 - - [05/Aug/2016:12:49:48 +0000] "POST /login HTTP/1.1" 302 56 "http://localhost:3002/login" "Mozilla/5.0 (Macintosh; Intel Mac OS X 10_11_4) AppleWebKit/537.36 (KHTML, like Gecko) Chrome/51.0.2704.103 Safari/537.36"
::1 - - [05/Aug/2016:12:49:48 +0000] "GET /login HTTP/1.1" 200 388 "http://localhost:3002/login" "Mozilla/5.0 (Macintosh; Intel Mac OS X 10_11_4) AppleWebKit/537.36 (KHTML, like Gecko) Chrome/51.0.2704.103 Safari/537.36"
::1 - - [05/Aug/2016:12:49:48 +0000] "GET /stylesheets/style.css HTTP/1.1" 200 168 "http://localhost:3002/login" "Mozilla/5.0 (Macintosh; Intel Mac OS X 10_11_4) AppleWebKit/537.36 (KHTML, like Gecko) Chrome/51.0.2704.103 Safari/537.36"
0combined
0combined
0combined
0combined
0combined
0combined
0combined
0combined
0combined
0combined
0combined
::1 - - [05/Aug/2016:12:55:09 +0000] "GET / HTTP/1.1" 200 303 "http://localhost:3002/login" "Mozilla/5.0 (Macintosh; Intel Mac OS X 10_11_4) AppleWebKit/537.36 (KHTML, like Gecko) Chrome/51.0.2704.103 Safari/537.36"
::1 - - [05/Aug/2016:12:55:09 +0000] "GET /stylesheets/style.css HTTP/1.1" 200 168 "http://localhost:3002/" "Mozilla/5.0 (Macintosh; Intel Mac OS X 10_11_4) AppleWebKit/537.36 (KHTML, like Gecko) Chrome/51.0.2704.103 Safari/537.36"
::1 - - [05/Aug/2016:12:55:10 +0000] "GET / HTTP/1.1" 200 303 "http://localhost:3002/login" "Mozilla/5.0 (Macintosh; Intel Mac OS X 10_11_4) AppleWebKit/537.36 (KHTML, like Gecko) Chrome/51.0.2704.103 Safari/537.36"
::1 - - [05/Aug/2016:12:55:10 +0000] "GET /stylesheets/style.css HTTP/1.1" 200 168 "http://localhost:3002/" "Mozilla/5.0 (Macintosh; Intel Mac OS X 10_11_4) AppleWebKit/537.36 (KHTML, like Gecko) Chrome/51.0.2704.103 Safari/537.36"
::1 - - [05/Aug/2016:12:55:53 +0000] "GET / HTTP/1.1" 302 56 "http://localhost:3002/login" "Mozilla/5.0 (Macintosh; Intel Mac OS X 10_11_4) AppleWebKit/537.36 (KHTML, like Gecko) Chrome/51.0.2704.103 Safari/537.36"
::1 - - [05/Aug/2016:12:55:53 +0000] "GET /login HTTP/1.1" 200 388 "http://localhost:3002/login" "Mozilla/5.0 (Macintosh; Intel Mac OS X 10_11_4) AppleWebKit/537.36 (KHTML, like Gecko) Chrome/51.0.2704.103 Safari/537.36"
::1 - - [05/Aug/2016:12:55:53 +0000] "GET /stylesheets/style.css HTTP/1.1" 200 168 "http://localhost:3002/login" "Mozilla/5.0 (Macintosh; Intel Mac OS X 10_11_4) AppleWebKit/537.36 (KHTML, like Gecko) Chrome/51.0.2704.103 Safari/537.36"
::1 - - [05/Aug/2016:12:56:02 +0000] "POST /login HTTP/1.1" 302 46 "http://localhost:3002/login" "Mozilla/5.0 (Macintosh; Intel Mac OS X 10_11_4) AppleWebKit/537.36 (KHTML, like Gecko) Chrome/51.0.2704.103 Safari/537.36"
::1 - - [05/Aug/2016:12:56:02 +0000] "GET / HTTP/1.1" 200 302 "http://localhost:3002/login" "Mozilla/5.0 (Macintosh; Intel Mac OS X 10_11_4) AppleWebKit/537.36 (KHTML, like Gecko) Chrome/51.0.2704.103 Safari/537.36"
::1 - - [05/Aug/2016:12:56:02 +0000] "GET /stylesheets/style.css HTTP/1.1" 200 168 "http://localhost:3002/" "Mozilla/5.0 (Macintosh; Intel Mac OS X 10_11_4) AppleWebKit/537.36 (KHTML, like Gecko) Chrome/51.0.2704.103 Safari/537.36"
::1 - - [05/Aug/2016:12:57:05 +0000] "GET / HTTP/1.1" 200 302 "http://localhost:3002/login" "Mozilla/5.0 (Macintosh; Intel Mac OS X 10_11_4) AppleWebKit/537.36 (KHTML, like Gecko) Chrome/51.0.2704.103 Safari/537.36"
::1 - - [05/Aug/2016:12:57:05 +0000] "GET /stylesheets/style.css HTTP/1.1" 200 168 "http://localhost:3002/" "Mozilla/5.0 (Macintosh; Intel Mac OS X 10_11_4) AppleWebKit/537.36 (KHTML, like Gecko) Chrome/51.0.2704.103 Safari/537.36"
::1 - - [05/Aug/2016:12:57:06 +0000] "GET / HTTP/1.1" 200 302 "http://localhost:3002/login" "Mozilla/5.0 (Macintosh; Intel Mac OS X 10_11_4) AppleWebKit/537.36 (KHTML, like Gecko) Chrome/51.0.2704.103 Safari/537.36"
::1 - - [05/Aug/2016:12:57:06 +0000] "GET /stylesheets/style.css HTTP/1.1" 200 168 "http://localhost:3002/" "Mozilla/5.0 (Macintosh; Intel Mac OS X 10_11_4) AppleWebKit/537.36 (KHTML, like Gecko) Chrome/51.0.2704.103 Safari/537.36"
::1 - - [05/Aug/2016:12:57:08 +0000] "GET /loginout HTTP/1.1" 302 46 "http://localhost:3002/" "Mozilla/5.0 (Macintosh; Intel Mac OS X 10_11_4) AppleWebKit/537.36 (KHTML, like Gecko) Chrome/51.0.2704.103 Safari/537.36"
::1 - - [05/Aug/2016:12:57:08 +0000] "GET / HTTP/1.1" 302 56 "http://localhost:3002/" "Mozilla/5.0 (Macintosh; Intel Mac OS X 10_11_4) AppleWebKit/537.36 (KHTML, like Gecko) Chrome/51.0.2704.103 Safari/537.36"
::1 - - [05/Aug/2016:12:57:08 +0000] "GET /login HTTP/1.1" 200 388 "http://localhost:3002/" "Mozilla/5.0 (Macintosh; Intel Mac OS X 10_11_4) AppleWebKit/537.36 (KHTML, like Gecko) Chrome/51.0.2704.103 Safari/537.36"
::1 - - [05/Aug/2016:12:57:08 +0000] "GET /stylesheets/style.css HTTP/1.1" 200 168 "http://localhost:3002/login" "Mozilla/5.0 (Macintosh; Intel Mac OS X 10_11_4) AppleWebKit/537.36 (KHTML, like Gecko) Chrome/51.0.2704.103 Safari/537.36"
::1 - - [05/Aug/2016:12:57:10 +0000] "GET /login HTTP/1.1" 200 388 "http://localhost:3002/" "Mozilla/5.0 (Macintosh; Intel Mac OS X 10_11_4) AppleWebKit/537.36 (KHTML, like Gecko) Chrome/51.0.2704.103 Safari/537.36"
::1 - - [05/Aug/2016:12:57:10 +0000] "GET /stylesheets/style.css HTTP/1.1" 200 168 "http://localhost:3002/login" "Mozilla/5.0 (Macintosh; Intel Mac OS X 10_11_4) AppleWebKit/537.36 (KHTML, like Gecko) Chrome/51.0.2704.103 Safari/537.36"
::1 - - [05/Aug/2016:12:57:11 +0000] "GET /login HTTP/1.1" 200 388 "http://localhost:3002/" "Mozilla/5.0 (Macintosh; Intel Mac OS X 10_11_4) AppleWebKit/537.36 (KHTML, like Gecko) Chrome/51.0.2704.103 Safari/537.36"
::1 - - [05/Aug/2016:12:57:11 +0000] "GET /stylesheets/style.css HTTP/1.1" 200 168 "http://localhost:3002/login" "Mozilla/5.0 (Macintosh; Intel Mac OS X 10_11_4) AppleWebKit/537.36 (KHTML, like Gecko) Chrome/51.0.2704.103 Safari/537.36"
