::1 - - [26/Aug/2016:03:07:54 +0000] "GET / HTTP/1.1" 302 56 "-" "Mozilla/5.0 (Macintosh; Intel Mac OS X 10_11_4) AppleWebKit/537.36 (KHTML, like Gecko) Chrome/52.0.2743.116 Safari/537.36"
::1 - - [26/Aug/2016:03:07:54 +0000] "GET /login HTTP/1.1" 200 388 "-" "Mozilla/5.0 (Macintosh; Intel Mac OS X 10_11_4) AppleWebKit/537.36 (KHTML, like Gecko) Chrome/52.0.2743.116 Safari/537.36"
::1 - - [26/Aug/2016:03:07:54 +0000] "GET /stylesheets/style.css HTTP/1.1" 200 168 "http://localhost:3002/login" "Mozilla/5.0 (Macintosh; Intel Mac OS X 10_11_4) AppleWebKit/537.36 (KHTML, like Gecko) Chrome/52.0.2743.116 Safari/537.36"
::1 - - [26/Aug/2016:03:07:57 +0000] "GET /stylesheets/style.css HTTP/1.1" 304 - "http://localhost:3002/login" "Mozilla/5.0 (Macintosh; Intel Mac OS X 10_11_4) AppleWebKit/537.36 (KHTML, like Gecko) Chrome/52.0.2743.116 Safari/537.36"
::1 - - [26/Aug/2016:03:08:04 +0000] "POST /login HTTP/1.1" 302 46 "http://localhost:3002/login" "Mozilla/5.0 (Macintosh; Intel Mac OS X 10_11_4) AppleWebKit/537.36 (KHTML, like Gecko) Chrome/52.0.2743.116 Safari/537.36"
::1 - - [26/Aug/2016:03:08:04 +0000] "GET / HTTP/1.1" 200 303 "http://localhost:3002/login" "Mozilla/5.0 (Macintosh; Intel Mac OS X 10_11_4) AppleWebKit/537.36 (KHTML, like Gecko) Chrome/52.0.2743.116 Safari/537.36"
::1 - - [26/Aug/2016:03:08:04 +0000] "GET /stylesheets/style.css HTTP/1.1" 200 168 "http://localhost:3002/" "Mozilla/5.0 (Macintosh; Intel Mac OS X 10_11_4) AppleWebKit/537.36 (KHTML, like Gecko) Chrome/52.0.2743.116 Safari/537.36"
::1 - - [26/Aug/2016:03:09:33 +0000] "GET / HTTP/1.1" 302 56 "http://localhost:3002/login" "Mozilla/5.0 (Macintosh; Intel Mac OS X 10_11_4) AppleWebKit/537.36 (KHTML, like Gecko) Chrome/52.0.2743.116 Safari/537.36"
::1 - - [26/Aug/2016:03:09:33 +0000] "GET /login HTTP/1.1" 200 388 "http://localhost:3002/login" "Mozilla/5.0 (Macintosh; Intel Mac OS X 10_11_4) AppleWebKit/537.36 (KHTML, like Gecko) Chrome/52.0.2743.116 Safari/537.36"
::1 - - [26/Aug/2016:03:09:33 +0000] "GET /stylesheets/style.css HTTP/1.1" 200 168 "http://localhost:3002/login" "Mozilla/5.0 (Macintosh; Intel Mac OS X 10_11_4) AppleWebKit/537.36 (KHTML, like Gecko) Chrome/52.0.2743.116 Safari/537.36"
::1 - - [26/Aug/2016:03:09:42 +0000] "POST /login HTTP/1.1" 302 46 "http://localhost:3002/login" "Mozilla/5.0 (Macintosh; Intel Mac OS X 10_11_4) AppleWebKit/537.36 (KHTML, like Gecko) Chrome/52.0.2743.116 Safari/537.36"
::1 - - [26/Aug/2016:03:09:42 +0000] "GET / HTTP/1.1" 200 302 "http://localhost:3002/login" "Mozilla/5.0 (Macintosh; Intel Mac OS X 10_11_4) AppleWebKit/537.36 (KHTML, like Gecko) Chrome/52.0.2743.116 Safari/537.36"
::1 - - [26/Aug/2016:03:09:42 +0000] "GET /stylesheets/style.css HTTP/1.1" 200 168 "http://localhost:3002/" "Mozilla/5.0 (Macintosh; Intel Mac OS X 10_11_4) AppleWebKit/537.36 (KHTML, like Gecko) Chrome/52.0.2743.116 Safari/537.36"
::1 - - [26/Aug/2016:03:10:43 +0000] "GET /loginout HTTP/1.1" 302 46 "http://localhost:3002/" "Mozilla/5.0 (Macintosh; Intel Mac OS X 10_11_4) AppleWebKit/537.36 (KHTML, like Gecko) Chrome/52.0.2743.116 Safari/537.36"
::1 - - [26/Aug/2016:03:10:43 +0000] "GET / HTTP/1.1" 302 56 "http://localhost:3002/" "Mozilla/5.0 (Macintosh; Intel Mac OS X 10_11_4) AppleWebKit/537.36 (KHTML, like Gecko) Chrome/52.0.2743.116 Safari/537.36"
::1 - - [26/Aug/2016:03:10:43 +0000] "GET /login HTTP/1.1" 200 388 "http://localhost:3002/" "Mozilla/5.0 (Macintosh; Intel Mac OS X 10_11_4) AppleWebKit/537.36 (KHTML, like Gecko) Chrome/52.0.2743.116 Safari/537.36"
::1 - - [26/Aug/2016:03:10:43 +0000] "GET /stylesheets/style.css HTTP/1.1" 200 168 "http://localhost:3002/login" "Mozilla/5.0 (Macintosh; Intel Mac OS X 10_11_4) AppleWebKit/537.36 (KHTML, like Gecko) Chrome/52.0.2743.116 Safari/537.36"
::1 - - [26/Aug/2016:03:10:51 +0000] "GET /login HTTP/1.1" 200 388 "http://localhost:3002/" "Mozilla/5.0 (Macintosh; Intel Mac OS X 10_11_4) AppleWebKit/537.36 (KHTML, like Gecko) Chrome/52.0.2743.116 Safari/537.36"
::1 - - [26/Aug/2016:03:10:51 +0000] "GET /stylesheets/style.css HTTP/1.1" 200 168 "http://localhost:3002/login" "Mozilla/5.0 (Macintosh; Intel Mac OS X 10_11_4) AppleWebKit/537.36 (KHTML, like Gecko) Chrome/52.0.2743.116 Safari/537.36"
::1 - - [26/Aug/2016:03:10:52 +0000] "GET /login HTTP/1.1" 200 388 "http://localhost:3002/" "Mozilla/5.0 (Macintosh; Intel Mac OS X 10_11_4) AppleWebKit/537.36 (KHTML, like Gecko) Chrome/52.0.2743.116 Safari/537.36"
::1 - - [26/Aug/2016:03:10:52 +0000] "GET /stylesheets/style.css HTTP/1.1" 200 168 "http://localhost:3002/login" "Mozilla/5.0 (Macintosh; Intel Mac OS X 10_11_4) AppleWebKit/537.36 (KHTML, like Gecko) Chrome/52.0.2743.116 Safari/537.36"
::1 - - [26/Aug/2016:03:11:04 +0000] "GET /login HTTP/1.1" 200 388 "http://localhost:3002/" "Mozilla/5.0 (Macintosh; Intel Mac OS X 10_11_4) AppleWebKit/537.36 (KHTML, like Gecko) Chrome/52.0.2743.116 Safari/537.36"
::1 - - [26/Aug/2016:03:11:04 +0000] "GET /stylesheets/style.css HTTP/1.1" 200 168 "http://localhost:3002/login" "Mozilla/5.0 (Macintosh; Intel Mac OS X 10_11_4) AppleWebKit/537.36 (KHTML, like Gecko) Chrome/52.0.2743.116 Safari/537.36"
::1 - - [26/Aug/2016:03:11:05 +0000] "GET /login HTTP/1.1" 200 388 "http://localhost:3002/" "Mozilla/5.0 (Macintosh; Intel Mac OS X 10_11_4) AppleWebKit/537.36 (KHTML, like Gecko) Chrome/52.0.2743.116 Safari/537.36"
::1 - - [26/Aug/2016:03:11:05 +0000] "GET /stylesheets/style.css HTTP/1.1" 200 168 "http://localhost:3002/login" "Mozilla/5.0 (Macintosh; Intel Mac OS X 10_11_4) AppleWebKit/537.36 (KHTML, like Gecko) Chrome/52.0.2743.116 Safari/537.36"
